{"C:\\Users\\K.Meghana\\Downloads\\Recent\\Incubyte\\backend\\src\\app.ts": {"path":"C:\\Users\\K.Meghana\\Downloads\\Recent\\Incubyte\\backend\\src\\app.ts","statementMap":{"0":{"start":{"line":1,"column":0},"end":{"line":1,"column":30}},"1":{"start":{"line":2,"column":0},"end":{"line":2,"column":24}},"2":{"start":{"line":3,"column":0},"end":{"line":3,"column":28}},"3":{"start":{"line":4,"column":0},"end":{"line":4,"column":46}},"4":{"start":{"line":5,"column":0},"end":{"line":5,"column":52}},"5":{"start":{"line":7,"column":0},"end":{"line":7,"column":16}},"6":{"start":{"line":9,"column":12},"end":{"line":9,"column":21}},"7":{"start":{"line":11,"column":0},"end":{"line":11,"column":16}},"8":{"start":{"line":12,"column":0},"end":{"line":12,"column":24}},"9":{"start":{"line":15,"column":0},"end":{"line":15,"column":33}},"10":{"start":{"line":16,"column":0},"end":{"line":16,"column":40}},"11":{"start":{"line":19,"column":0},"end":{"line":21,"column":3}},"12":{"start":{"line":20,"column":2},"end":{"line":20,"column":78}},"13":{"start":{"line":23,"column":0},"end":{"line":23,"column":19}}},"fnMap":{"0":{"name":"(anonymous_1)","decl":{"start":{"line":19,"column":23},"end":{"line":19,"column":24}},"loc":{"start":{"line":19,"column":36},"end":{"line":21,"column":1}}}},"branchMap":{},"s":{"0":2,"1":2,"2":2,"3":2,"4":2,"5":2,"6":2,"7":2,"8":2,"9":2,"10":2,"11":2,"12":0,"13":2},"f":{"0":0},"b":{}}
,"C:\\Users\\K.Meghana\\Downloads\\Recent\\Incubyte\\backend\\src\\controllers\\auth.controller.ts": {"path":"C:\\Users\\K.Meghana\\Downloads\\Recent\\Incubyte\\backend\\src\\controllers\\auth.controller.ts","statementMap":{"0":{"start":{"line":2,"column":0},"end":{"line":2,"column":55}},"1":{"start":{"line":4,"column":0},"end":{"line":4,"column":31}},"2":{"start":{"line":8,"column":4},"end":{"line":25,"column":5}},"3":{"start":{"line":9,"column":21},"end":{"line":9,"column":57}},"4":{"start":{"line":10,"column":6},"end":{"line":13,"column":9}},"5":{"start":{"line":15,"column":6},"end":{"line":20,"column":7}},"6":{"start":{"line":16,"column":8},"end":{"line":19,"column":11}},"7":{"start":{"line":18,"column":41},"end":{"line":18,"column":50}},"8":{"start":{"line":21,"column":6},"end":{"line":24,"column":9}},"9":{"start":{"line":29,"column":4},"end":{"line":46,"column":5}},"10":{"start":{"line":30,"column":21},"end":{"line":30,"column":54}},"11":{"start":{"line":31,"column":6},"end":{"line":34,"column":9}},"12":{"start":{"line":36,"column":6},"end":{"line":41,"column":7}},"13":{"start":{"line":37,"column":8},"end":{"line":40,"column":11}},"14":{"start":{"line":39,"column":41},"end":{"line":39,"column":50}},"15":{"start":{"line":42,"column":6},"end":{"line":45,"column":9}},"16":{"start":{"line":50,"column":4},"end":{"line":64,"column":5}},"17":{"start":{"line":51,"column":6},"end":{"line":53,"column":7}},"18":{"start":{"line":52,"column":8},"end":{"line":52,"column":79}},"19":{"start":{"line":54,"column":19},"end":{"line":54,"column":64}},"20":{"start":{"line":55,"column":6},"end":{"line":58,"column":9}},"21":{"start":{"line":60,"column":6},"end":{"line":63,"column":9}},"22":{"start":{"line":6,"column":0},"end":{"line":6,"column":13}}},"fnMap":{"0":{"name":"(anonymous_0)","decl":{"start":{"line":7,"column":2},"end":{"line":7,"column":8}},"loc":{"start":{"line":7,"column":51},"end":{"line":26,"column":3}}},"1":{"name":"(anonymous_1)","decl":{"start":{"line":18,"column":34},"end":{"line":18,"column":35}},"loc":{"start":{"line":18,"column":41},"end":{"line":18,"column":50}}},"2":{"name":"(anonymous_2)","decl":{"start":{"line":28,"column":2},"end":{"line":28,"column":8}},"loc":{"start":{"line":28,"column":48},"end":{"line":47,"column":3}}},"3":{"name":"(anonymous_3)","decl":{"start":{"line":39,"column":34},"end":{"line":39,"column":35}},"loc":{"start":{"line":39,"column":41},"end":{"line":39,"column":50}}},"4":{"name":"(anonymous_4)","decl":{"start":{"line":49,"column":2},"end":{"line":49,"column":8}},"loc":{"start":{"line":49,"column":61},"end":{"line":65,"column":3}}}},"branchMap":{"0":{"loc":{"start":{"line":15,"column":6},"end":{"line":20,"column":7}},"type":"if","locations":[{"start":{"line":15,"column":6},"end":{"line":20,"column":7}}]},"1":{"loc":{"start":{"line":23,"column":15},"end":{"line":23,"column":53}},"type":"binary-expr","locations":[{"start":{"line":23,"column":15},"end":{"line":23,"column":28}},{"start":{"line":23,"column":32},"end":{"line":23,"column":53}}]},"2":{"loc":{"start":{"line":36,"column":6},"end":{"line":41,"column":7}},"type":"if","locations":[{"start":{"line":36,"column":6},"end":{"line":41,"column":7}}]},"3":{"loc":{"start":{"line":44,"column":15},"end":{"line":44,"column":55}},"type":"binary-expr","locations":[{"start":{"line":44,"column":15},"end":{"line":44,"column":28}},{"start":{"line":44,"column":32},"end":{"line":44,"column":55}}]},"4":{"loc":{"start":{"line":51,"column":6},"end":{"line":53,"column":7}},"type":"if","locations":[{"start":{"line":51,"column":6},"end":{"line":53,"column":7}}]},"5":{"loc":{"start":{"line":62,"column":15},"end":{"line":62,"column":48}},"type":"binary-expr","locations":[{"start":{"line":62,"column":15},"end":{"line":62,"column":28}},{"start":{"line":62,"column":32},"end":{"line":62,"column":48}}]}},"s":{"0":2,"1":2,"2":10,"3":10,"4":6,"5":4,"6":1,"7":2,"8":3,"9":3,"10":3,"11":1,"12":2,"13":0,"14":0,"15":2,"16":1,"17":1,"18":0,"19":1,"20":1,"21":0,"22":2},"f":{"0":10,"1":2,"2":3,"3":0,"4":1},"b":{"0":[1],"1":[3,0],"2":[0],"3":[2,0],"4":[0],"5":[0,0]}}
,"C:\\Users\\K.Meghana\\Downloads\\Recent\\Incubyte\\backend\\src\\controllers\\vehicle.controller.ts": {"path":"C:\\Users\\K.Meghana\\Downloads\\Recent\\Incubyte\\backend\\src\\controllers\\vehicle.controller.ts","statementMap":{"0":{"start":{"line":2,"column":0},"end":{"line":2,"column":61}},"1":{"start":{"line":3,"column":0},"end":{"line":3,"column":31}},"2":{"start":{"line":7,"column":4},"end":{"line":24,"column":5}},"3":{"start":{"line":8,"column":22},"end":{"line":8,"column":66}},"4":{"start":{"line":9,"column":6},"end":{"line":12,"column":9}},"5":{"start":{"line":14,"column":6},"end":{"line":19,"column":7}},"6":{"start":{"line":15,"column":8},"end":{"line":18,"column":11}},"7":{"start":{"line":17,"column":41},"end":{"line":17,"column":76}},"8":{"start":{"line":20,"column":6},"end":{"line":23,"column":9}},"9":{"start":{"line":28,"column":4},"end":{"line":39,"column":5}},"10":{"start":{"line":29,"column":23},"end":{"line":29,"column":60}},"11":{"start":{"line":30,"column":6},"end":{"line":33,"column":9}},"12":{"start":{"line":35,"column":6},"end":{"line":38,"column":9}},"13":{"start":{"line":43,"column":4},"end":{"line":63,"column":5}},"14":{"start":{"line":44,"column":20},"end":{"line":51,"column":8}},"15":{"start":{"line":53,"column":23},"end":{"line":53,"column":65}},"16":{"start":{"line":54,"column":6},"end":{"line":57,"column":9}},"17":{"start":{"line":59,"column":6},"end":{"line":62,"column":9}},"18":{"start":{"line":67,"column":4},"end":{"line":78,"column":5}},"19":{"start":{"line":68,"column":22},"end":{"line":68,"column":72}},"20":{"start":{"line":69,"column":6},"end":{"line":72,"column":9}},"21":{"start":{"line":74,"column":6},"end":{"line":77,"column":9}},"22":{"start":{"line":82,"column":4},"end":{"line":100,"column":5}},"23":{"start":{"line":83,"column":22},"end":{"line":83,"column":81}},"24":{"start":{"line":84,"column":6},"end":{"line":87,"column":9}},"25":{"start":{"line":89,"column":6},"end":{"line":94,"column":7}},"26":{"start":{"line":90,"column":8},"end":{"line":93,"column":11}},"27":{"start":{"line":92,"column":41},"end":{"line":92,"column":50}},"28":{"start":{"line":95,"column":25},"end":{"line":95,"column":74}},"29":{"start":{"line":96,"column":6},"end":{"line":99,"column":9}},"30":{"start":{"line":104,"column":4},"end":{"line":116,"column":5}},"31":{"start":{"line":105,"column":6},"end":{"line":105,"column":56}},"32":{"start":{"line":106,"column":6},"end":{"line":109,"column":9}},"33":{"start":{"line":111,"column":25},"end":{"line":111,"column":74}},"34":{"start":{"line":112,"column":6},"end":{"line":115,"column":9}},"35":{"start":{"line":120,"column":4},"end":{"line":133,"column":5}},"36":{"start":{"line":121,"column":22},"end":{"line":121,"column":73}},"37":{"start":{"line":122,"column":6},"end":{"line":126,"column":9}},"38":{"start":{"line":128,"column":25},"end":{"line":128,"column":80}},"39":{"start":{"line":129,"column":6},"end":{"line":132,"column":9}},"40":{"start":{"line":137,"column":4},"end":{"line":151,"column":5}},"41":{"start":{"line":138,"column":23},"end":{"line":138,"column":72}},"42":{"start":{"line":139,"column":22},"end":{"line":139,"column":82}},"43":{"start":{"line":140,"column":6},"end":{"line":144,"column":9}},"44":{"start":{"line":146,"column":25},"end":{"line":146,"column":74}},"45":{"start":{"line":147,"column":6},"end":{"line":150,"column":9}},"46":{"start":{"line":5,"column":0},"end":{"line":5,"column":13}}},"fnMap":{"0":{"name":"(anonymous_0)","decl":{"start":{"line":6,"column":2},"end":{"line":6,"column":8}},"loc":{"start":{"line":6,"column":49},"end":{"line":25,"column":3}}},"1":{"name":"(anonymous_1)","decl":{"start":{"line":17,"column":34},"end":{"line":17,"column":35}},"loc":{"start":{"line":17,"column":41},"end":{"line":17,"column":76}}},"2":{"name":"(anonymous_2)","decl":{"start":{"line":27,"column":2},"end":{"line":27,"column":8}},"loc":{"start":{"line":27,"column":49},"end":{"line":40,"column":3}}},"3":{"name":"(anonymous_3)","decl":{"start":{"line":42,"column":2},"end":{"line":42,"column":8}},"loc":{"start":{"line":42,"column":49},"end":{"line":64,"column":3}}},"4":{"name":"(anonymous_4)","decl":{"start":{"line":66,"column":2},"end":{"line":66,"column":8}},"loc":{"start":{"line":66,"column":50},"end":{"line":79,"column":3}}},"5":{"name":"(anonymous_5)","decl":{"start":{"line":81,"column":2},"end":{"line":81,"column":8}},"loc":{"start":{"line":81,"column":49},"end":{"line":101,"column":3}}},"6":{"name":"(anonymous_6)","decl":{"start":{"line":92,"column":34},"end":{"line":92,"column":35}},"loc":{"start":{"line":92,"column":41},"end":{"line":92,"column":50}}},"7":{"name":"(anonymous_7)","decl":{"start":{"line":103,"column":2},"end":{"line":103,"column":8}},"loc":{"start":{"line":103,"column":49},"end":{"line":117,"column":3}}},"8":{"name":"(anonymous_8)","decl":{"start":{"line":119,"column":2},"end":{"line":119,"column":8}},"loc":{"start":{"line":119,"column":51},"end":{"line":134,"column":3}}},"9":{"name":"(anonymous_9)","decl":{"start":{"line":136,"column":2},"end":{"line":136,"column":8}},"loc":{"start":{"line":136,"column":50},"end":{"line":152,"column":3}}}},"branchMap":{"0":{"loc":{"start":{"line":14,"column":6},"end":{"line":19,"column":7}},"type":"if","locations":[{"start":{"line":14,"column":6},"end":{"line":19,"column":7}}]},"1":{"loc":{"start":{"line":22,"column":15},"end":{"line":22,"column":58}},"type":"binary-expr","locations":[{"start":{"line":22,"column":15},"end":{"line":22,"column":28}},{"start":{"line":22,"column":32},"end":{"line":22,"column":58}}]},"2":{"loc":{"start":{"line":37,"column":15},"end":{"line":37,"column":58}},"type":"binary-expr","locations":[{"start":{"line":37,"column":15},"end":{"line":37,"column":28}},{"start":{"line":37,"column":32},"end":{"line":37,"column":58}}]},"3":{"loc":{"start":{"line":48,"column":18},"end":{"line":48,"column":77}},"type":"cond-expr","locations":[{"start":{"line":48,"column":39},"end":{"line":48,"column":65}},{"start":{"line":48,"column":68},"end":{"line":48,"column":77}}]},"4":{"loc":{"start":{"line":49,"column":18},"end":{"line":49,"column":77}},"type":"cond-expr","locations":[{"start":{"line":49,"column":39},"end":{"line":49,"column":65}},{"start":{"line":49,"column":68},"end":{"line":49,"column":77}}]},"5":{"loc":{"start":{"line":50,"column":16},"end":{"line":50,"column":67}},"type":"binary-expr","locations":[{"start":{"line":50,"column":16},"end":{"line":50,"column":37}},{"start":{"line":50,"column":41},"end":{"line":50,"column":67}}]},"6":{"loc":{"start":{"line":61,"column":15},"end":{"line":61,"column":53}},"type":"binary-expr","locations":[{"start":{"line":61,"column":15},"end":{"line":61,"column":28}},{"start":{"line":61,"column":32},"end":{"line":61,"column":53}}]},"7":{"loc":{"start":{"line":76,"column":15},"end":{"line":76,"column":51}},"type":"binary-expr","locations":[{"start":{"line":76,"column":15},"end":{"line":76,"column":28}},{"start":{"line":76,"column":32},"end":{"line":76,"column":51}}]},"8":{"loc":{"start":{"line":89,"column":6},"end":{"line":94,"column":7}},"type":"if","locations":[{"start":{"line":89,"column":6},"end":{"line":94,"column":7}}]},"9":{"loc":{"start":{"line":95,"column":25},"end":{"line":95,"column":74}},"type":"cond-expr","locations":[{"start":{"line":95,"column":65},"end":{"line":95,"column":68}},{"start":{"line":95,"column":71},"end":{"line":95,"column":74}}]},"10":{"loc":{"start":{"line":98,"column":15},"end":{"line":98,"column":58}},"type":"binary-expr","locations":[{"start":{"line":98,"column":15},"end":{"line":98,"column":28}},{"start":{"line":98,"column":32},"end":{"line":98,"column":58}}]},"11":{"loc":{"start":{"line":111,"column":25},"end":{"line":111,"column":74}},"type":"cond-expr","locations":[{"start":{"line":111,"column":65},"end":{"line":111,"column":68}},{"start":{"line":111,"column":71},"end":{"line":111,"column":74}}]},"12":{"loc":{"start":{"line":114,"column":15},"end":{"line":114,"column":58}},"type":"binary-expr","locations":[{"start":{"line":114,"column":15},"end":{"line":114,"column":28}},{"start":{"line":114,"column":32},"end":{"line":114,"column":58}}]},"13":{"loc":{"start":{"line":128,"column":25},"end":{"line":128,"column":80}},"type":"cond-expr","locations":[{"start":{"line":128,"column":71},"end":{"line":128,"column":74}},{"start":{"line":128,"column":77},"end":{"line":128,"column":80}}]},"14":{"loc":{"start":{"line":131,"column":15},"end":{"line":131,"column":49}},"type":"binary-expr","locations":[{"start":{"line":131,"column":15},"end":{"line":131,"column":28}},{"start":{"line":131,"column":32},"end":{"line":131,"column":49}}]},"15":{"loc":{"start":{"line":138,"column":23},"end":{"line":138,"column":72}},"type":"cond-expr","locations":[{"start":{"line":138,"column":43},"end":{"line":138,"column":68}},{"start":{"line":138,"column":71},"end":{"line":138,"column":72}}]},"16":{"loc":{"start":{"line":146,"column":25},"end":{"line":146,"column":74}},"type":"cond-expr","locations":[{"start":{"line":146,"column":65},"end":{"line":146,"column":68}},{"start":{"line":146,"column":71},"end":{"line":146,"column":74}}]},"17":{"loc":{"start":{"line":149,"column":15},"end":{"line":149,"column":48}},"type":"binary-expr","locations":[{"start":{"line":149,"column":15},"end":{"line":149,"column":28}},{"start":{"line":149,"column":32},"end":{"line":149,"column":48}}]}},"s":{"0":2,"1":2,"2":7,"3":7,"4":6,"5":1,"6":1,"7":3,"8":0,"9":2,"10":2,"11":2,"12":0,"13":2,"14":2,"15":2,"16":2,"17":0,"18":0,"19":0,"20":0,"21":0,"22":2,"23":2,"24":1,"25":1,"26":0,"27":0,"28":1,"29":1,"30":1,"31":1,"32":1,"33":0,"34":0,"35":2,"36":2,"37":1,"38":1,"39":1,"40":1,"41":1,"42":1,"43":1,"44":0,"45":0,"46":2},"f":{"0":7,"1":3,"2":2,"3":2,"4":0,"5":2,"6":0,"7":1,"8":2,"9":1},"b":{"0":[1],"1":[0,0],"2":[0,0],"3":[1,1],"4":[1,1],"5":[2,2],"6":[0,0],"7":[0,0],"8":[0],"9":[1,0],"10":[1,0],"11":[0,0],"12":[0,0],"13":[1,0],"14":[1,0],"15":[1,0],"16":[0,0],"17":[0,0]}}
,"C:\\Users\\K.Meghana\\Downloads\\Recent\\Incubyte\\backend\\src\\middleware\\auth.ts": {"path":"C:\\Users\\K.Meghana\\Downloads\\Recent\\Incubyte\\backend\\src\\middleware\\auth.ts","statementMap":{"0":{"start":{"line":5,"column":0},"end":{"line":5,"column":16}},"1":{"start":{"line":27,"column":0},"end":{"line":27,"column":16}},"2":{"start":{"line":3,"column":0},"end":{"line":3,"column":43}},"3":{"start":{"line":6,"column":21},"end":{"line":6,"column":46}},"4":{"start":{"line":7,"column":2},"end":{"line":12,"column":3}},"5":{"start":{"line":8,"column":4},"end":{"line":11,"column":7}},"6":{"start":{"line":14,"column":16},"end":{"line":14,"column":40}},"7":{"start":{"line":15,"column":2},"end":{"line":24,"column":3}},"8":{"start":{"line":16,"column":20},"end":{"line":16,"column":38}},"9":{"start":{"line":17,"column":4},"end":{"line":17,"column":23}},"10":{"start":{"line":18,"column":4},"end":{"line":18,"column":11}},"11":{"start":{"line":20,"column":4},"end":{"line":23,"column":7}},"12":{"start":{"line":28,"column":2},"end":{"line":33,"column":3}},"13":{"start":{"line":29,"column":4},"end":{"line":32,"column":7}},"14":{"start":{"line":34,"column":2},"end":{"line":34,"column":9}}},"fnMap":{"0":{"name":"authenticate","decl":{"start":{"line":5,"column":16},"end":{"line":5,"column":28}},"loc":{"start":{"line":5,"column":89},"end":{"line":25,"column":1}}},"1":{"name":"authorizeAdmin","decl":{"start":{"line":27,"column":16},"end":{"line":27,"column":30}},"loc":{"start":{"line":27,"column":91},"end":{"line":35,"column":1}}}},"branchMap":{"0":{"loc":{"start":{"line":7,"column":2},"end":{"line":12,"column":3}},"type":"if","locations":[{"start":{"line":7,"column":2},"end":{"line":12,"column":3}}]},"1":{"loc":{"start":{"line":7,"column":6},"end":{"line":7,"column":54}},"type":"binary-expr","locations":[{"start":{"line":7,"column":6},"end":{"line":7,"column":17}},{"start":{"line":7,"column":21},"end":{"line":7,"column":54}}]},"2":{"loc":{"start":{"line":28,"column":2},"end":{"line":33,"column":3}},"type":"if","locations":[{"start":{"line":28,"column":2},"end":{"line":33,"column":3}}]},"3":{"loc":{"start":{"line":28,"column":6},"end":{"line":28,"column":44}},"type":"binary-expr","locations":[{"start":{"line":28,"column":6},"end":{"line":28,"column":15}},{"start":{"line":28,"column":19},"end":{"line":28,"column":44}}]}},"s":{"0":2,"1":2,"2":2,"3":22,"4":22,"5":2,"6":20,"7":20,"8":20,"9":20,"10":20,"11":0,"12":4,"13":2,"14":2},"f":{"0":22,"1":4},"b":{"0":[2],"1":[22,20],"2":[2],"3":[4,4]}}
,"C:\\Users\\K.Meghana\\Downloads\\Recent\\Incubyte\\backend\\src\\routes\\auth.routes.ts": {"path":"C:\\Users\\K.Meghana\\Downloads\\Recent\\Incubyte\\backend\\src\\routes\\auth.routes.ts","statementMap":{"0":{"start":{"line":1,"column":0},"end":{"line":1,"column":33}},"1":{"start":{"line":2,"column":0},"end":{"line":2,"column":64}},"2":{"start":{"line":3,"column":0},"end":{"line":3,"column":50}},"3":{"start":{"line":5,"column":15},"end":{"line":5,"column":23}},"4":{"start":{"line":7,"column":0},"end":{"line":7,"column":50}},"5":{"start":{"line":8,"column":0},"end":{"line":8,"column":44}},"6":{"start":{"line":9,"column":0},"end":{"line":9,"column":54}},"7":{"start":{"line":11,"column":0},"end":{"line":11,"column":22}}},"fnMap":{},"branchMap":{},"s":{"0":2,"1":2,"2":2,"3":2,"4":2,"5":2,"6":2,"7":2},"f":{},"b":{}}
,"C:\\Users\\K.Meghana\\Downloads\\Recent\\Incubyte\\backend\\src\\routes\\vehicle.routes.ts": {"path":"C:\\Users\\K.Meghana\\Downloads\\Recent\\Incubyte\\backend\\src\\routes\\vehicle.routes.ts","statementMap":{"0":{"start":{"line":1,"column":0},"end":{"line":1,"column":33}},"1":{"start":{"line":2,"column":0},"end":{"line":2,"column":70}},"2":{"start":{"line":3,"column":0},"end":{"line":3,"column":66}},"3":{"start":{"line":5,"column":15},"end":{"line":5,"column":23}},"4":{"start":{"line":8,"column":0},"end":{"line":8,"column":32}},"5":{"start":{"line":11,"column":0},"end":{"line":11,"column":48}},"6":{"start":{"line":12,"column":0},"end":{"line":12,"column":42}},"7":{"start":{"line":13,"column":0},"end":{"line":13,"column":46}},"8":{"start":{"line":16,"column":0},"end":{"line":16,"column":43}},"9":{"start":{"line":17,"column":0},"end":{"line":17,"column":45}},"10":{"start":{"line":18,"column":0},"end":{"line":18,"column":71}},"11":{"start":{"line":21,"column":0},"end":{"line":21,"column":57}},"12":{"start":{"line":22,"column":0},"end":{"line":22,"column":78}},"13":{"start":{"line":24,"column":0},"end":{"line":24,"column":22}}},"fnMap":{},"branchMap":{},"s":{"0":2,"1":2,"2":2,"3":2,"4":2,"5":2,"6":2,"7":2,"8":2,"9":2,"10":2,"11":2,"12":2,"13":2},"f":{},"b":{}}
,"C:\\Users\\K.Meghana\\Downloads\\Recent\\Incubyte\\backend\\src\\services\\auth.service.ts": {"path":"C:\\Users\\K.Meghana\\Downloads\\Recent\\Incubyte\\backend\\src\\services\\auth.service.ts","statementMap":{"0":{"start":{"line":1,"column":0},"end":{"line":1,"column":30}},"1":{"start":{"line":2,"column":0},"end":{"line":2,"column":41}},"2":{"start":{"line":3,"column":0},"end":{"line":3,"column":45}},"3":{"start":{"line":4,"column":0},"end":{"line":4,"column":24}},"4":{"start":{"line":6,"column":13},"end":{"line":11,"column":3}},"5":{"start":{"line":13,"column":13},"end":{"line":16,"column":3}},"6":{"start":{"line":20,"column":22},"end":{"line":20,"column":49}},"7":{"start":{"line":22,"column":25},"end":{"line":24,"column":6}},"8":{"start":{"line":26,"column":4},"end":{"line":28,"column":5}},"9":{"start":{"line":27,"column":6},"end":{"line":27,"column":50}},"10":{"start":{"line":30,"column":27},"end":{"line":30,"column":68}},"11":{"start":{"line":32,"column":17},"end":{"line":39,"column":6}},"12":{"start":{"line":41,"column":18},"end":{"line":45,"column":6}},"13":{"start":{"line":47,"column":49},"end":{"line":47,"column":53}},"14":{"start":{"line":48,"column":4},"end":{"line":48,"column":48}},"15":{"start":{"line":52,"column":22},"end":{"line":52,"column":46}},"16":{"start":{"line":54,"column":17},"end":{"line":56,"column":6}},"17":{"start":{"line":58,"column":4},"end":{"line":60,"column":5}},"18":{"start":{"line":59,"column":6},"end":{"line":59,"column":51}},"19":{"start":{"line":62,"column":20},"end":{"line":62,"column":75}},"20":{"start":{"line":63,"column":4},"end":{"line":65,"column":5}},"21":{"start":{"line":64,"column":6},"end":{"line":64,"column":51}},"22":{"start":{"line":67,"column":18},"end":{"line":71,"column":6}},"23":{"start":{"line":73,"column":49},"end":{"line":73,"column":53}},"24":{"start":{"line":74,"column":4},"end":{"line":74,"column":48}},"25":{"start":{"line":78,"column":17},"end":{"line":81,"column":6}},"26":{"start":{"line":83,"column":4},"end":{"line":85,"column":5}},"27":{"start":{"line":84,"column":6},"end":{"line":84,"column":40}},"28":{"start":{"line":87,"column":4},"end":{"line":87,"column":16}},"29":{"start":{"line":18,"column":0},"end":{"line":18,"column":13}}},"fnMap":{"0":{"name":"(anonymous_1)","decl":{"start":{"line":19,"column":2},"end":{"line":19,"column":8}},"loc":{"start":{"line":19,"column":61},"end":{"line":49,"column":3}}},"1":{"name":"(anonymous_2)","decl":{"start":{"line":51,"column":2},"end":{"line":51,"column":8}},"loc":{"start":{"line":51,"column":55},"end":{"line":75,"column":3}}},"2":{"name":"(anonymous_3)","decl":{"start":{"line":77,"column":2},"end":{"line":77,"column":8}},"loc":{"start":{"line":77,"column":40},"end":{"line":88,"column":3}}}},"branchMap":{"0":{"loc":{"start":{"line":26,"column":4},"end":{"line":28,"column":5}},"type":"if","locations":[{"start":{"line":26,"column":4},"end":{"line":28,"column":5}}]},"1":{"loc":{"start":{"line":58,"column":4},"end":{"line":60,"column":5}},"type":"if","locations":[{"start":{"line":58,"column":4},"end":{"line":60,"column":5}}]},"2":{"loc":{"start":{"line":63,"column":4},"end":{"line":65,"column":5}},"type":"if","locations":[{"start":{"line":63,"column":4},"end":{"line":65,"column":5}}]},"3":{"loc":{"start":{"line":83,"column":4},"end":{"line":85,"column":5}},"type":"if","locations":[{"start":{"line":83,"column":4},"end":{"line":85,"column":5}}]}},"s":{"0":2,"1":2,"2":2,"3":2,"4":2,"5":2,"6":10,"7":9,"8":9,"9":3,"10":6,"11":6,"12":6,"13":6,"14":6,"15":3,"16":3,"17":3,"18":1,"19":2,"20":2,"21":1,"22":1,"23":1,"24":1,"25":1,"26":1,"27":0,"28":1,"29":2},"f":{"0":10,"1":3,"2":1},"b":{"0":[3],"1":[1],"2":[1],"3":[0]}}
,"C:\\Users\\K.Meghana\\Downloads\\Recent\\Incubyte\\backend\\src\\services\\vehicle.service.ts": {"path":"C:\\Users\\K.Meghana\\Downloads\\Recent\\Incubyte\\backend\\src\\services\\vehicle.service.ts","statementMap":{"0":{"start":{"line":1,"column":0},"end":{"line":1,"column":41}},"1":{"start":{"line":2,"column":0},"end":{"line":2,"column":24}},"2":{"start":{"line":4,"column":13},"end":{"line":13,"column":3}},"3":{"start":{"line":15,"column":13},"end":{"line":15,"column":65}},"4":{"start":{"line":17,"column":13},"end":{"line":24,"column":3}},"5":{"start":{"line":28,"column":22},"end":{"line":28,"column":53}},"6":{"start":{"line":29,"column":4},"end":{"line":31,"column":7}},"7":{"start":{"line":35,"column":4},"end":{"line":37,"column":7}},"8":{"start":{"line":41,"column":66},"end":{"line":41,"column":71}},"9":{"start":{"line":43,"column":23},"end":{"line":43,"column":25}},"10":{"start":{"line":45,"column":4},"end":{"line":47,"column":5}},"11":{"start":{"line":46,"column":6},"end":{"line":46,"column":38}},"12":{"start":{"line":48,"column":4},"end":{"line":50,"column":5}},"13":{"start":{"line":49,"column":6},"end":{"line":49,"column":40}},"14":{"start":{"line":51,"column":4},"end":{"line":53,"column":5}},"15":{"start":{"line":52,"column":6},"end":{"line":52,"column":46}},"16":{"start":{"line":54,"column":4},"end":{"line":58,"column":5}},"17":{"start":{"line":55,"column":6},"end":{"line":55,"column":23}},"18":{"start":{"line":56,"column":6},"end":{"line":56,"column":61}},"19":{"start":{"line":56,"column":34},"end":{"line":56,"column":61}},"20":{"start":{"line":57,"column":6},"end":{"line":57,"column":61}},"21":{"start":{"line":57,"column":34},"end":{"line":57,"column":61}},"22":{"start":{"line":59,"column":4},"end":{"line":66,"column":5}},"23":{"start":{"line":60,"column":6},"end":{"line":65,"column":8}},"24":{"start":{"line":68,"column":4},"end":{"line":71,"column":7}},"25":{"start":{"line":75,"column":20},"end":{"line":77,"column":6}},"26":{"start":{"line":79,"column":4},"end":{"line":81,"column":5}},"27":{"start":{"line":80,"column":6},"end":{"line":80,"column":43}},"28":{"start":{"line":83,"column":4},"end":{"line":83,"column":19}},"29":{"start":{"line":87,"column":4},"end":{"line":87,"column":34}},"30":{"start":{"line":88,"column":22},"end":{"line":88,"column":53}},"31":{"start":{"line":90,"column":4},"end":{"line":93,"column":7}},"32":{"start":{"line":97,"column":4},"end":{"line":97,"column":34}},"33":{"start":{"line":98,"column":4},"end":{"line":100,"column":7}},"34":{"start":{"line":104,"column":20},"end":{"line":104,"column":49}},"35":{"start":{"line":106,"column":4},"end":{"line":108,"column":5}},"36":{"start":{"line":107,"column":6},"end":{"line":107,"column":49}},"37":{"start":{"line":110,"column":4},"end":{"line":115,"column":7}},"38":{"start":{"line":119,"column":20},"end":{"line":119,"column":49}},"39":{"start":{"line":120,"column":24},"end":{"line":120,"column":61}},"40":{"start":{"line":122,"column":4},"end":{"line":127,"column":7}},"41":{"start":{"line":26,"column":0},"end":{"line":26,"column":13}}},"fnMap":{"0":{"name":"(anonymous_0)","decl":{"start":{"line":27,"column":2},"end":{"line":27,"column":8}},"loc":{"start":{"line":27,"column":70},"end":{"line":32,"column":3}}},"1":{"name":"(anonymous_1)","decl":{"start":{"line":34,"column":2},"end":{"line":34,"column":8}},"loc":{"start":{"line":34,"column":29},"end":{"line":38,"column":3}}},"2":{"name":"(anonymous_2)","decl":{"start":{"line":40,"column":2},"end":{"line":40,"column":8}},"loc":{"start":{"line":40,"column":72},"end":{"line":72,"column":3}}},"3":{"name":"(anonymous_3)","decl":{"start":{"line":74,"column":2},"end":{"line":74,"column":8}},"loc":{"start":{"line":74,"column":40},"end":{"line":84,"column":3}}},"4":{"name":"(anonymous_4)","decl":{"start":{"line":86,"column":2},"end":{"line":86,"column":8}},"loc":{"start":{"line":86,"column":82},"end":{"line":94,"column":3}}},"5":{"name":"(anonymous_5)","decl":{"start":{"line":96,"column":2},"end":{"line":96,"column":8}},"loc":{"start":{"line":96,"column":39},"end":{"line":101,"column":3}}},"6":{"name":"(anonymous_6)","decl":{"start":{"line":103,"column":2},"end":{"line":103,"column":8}},"loc":{"start":{"line":103,"column":41},"end":{"line":116,"column":3}}},"7":{"name":"(anonymous_7)","decl":{"start":{"line":118,"column":2},"end":{"line":118,"column":8}},"loc":{"start":{"line":118,"column":61},"end":{"line":128,"column":3}}}},"branchMap":{"0":{"loc":{"start":{"line":45,"column":4},"end":{"line":47,"column":5}},"type":"if","locations":[{"start":{"line":45,"column":4},"end":{"line":47,"column":5}}]},"1":{"loc":{"start":{"line":48,"column":4},"end":{"line":50,"column":5}},"type":"if","locations":[{"start":{"line":48,"column":4},"end":{"line":50,"column":5}}]},"2":{"loc":{"start":{"line":51,"column":4},"end":{"line":53,"column":5}},"type":"if","locations":[{"start":{"line":51,"column":4},"end":{"line":53,"column":5}}]},"3":{"loc":{"start":{"line":54,"column":4},"end":{"line":58,"column":5}},"type":"if","locations":[{"start":{"line":54,"column":4},"end":{"line":58,"column":5}}]},"4":{"loc":{"start":{"line":54,"column":8},"end":{"line":54,"column":56}},"type":"binary-expr","locations":[{"start":{"line":54,"column":8},"end":{"line":54,"column":30}},{"start":{"line":54,"column":34},"end":{"line":54,"column":56}}]},"5":{"loc":{"start":{"line":56,"column":6},"end":{"line":56,"column":61}},"type":"if","locations":[{"start":{"line":56,"column":6},"end":{"line":56,"column":61}}]},"6":{"loc":{"start":{"line":57,"column":6},"end":{"line":57,"column":61}},"type":"if","locations":[{"start":{"line":57,"column":6},"end":{"line":57,"column":61}}]},"7":{"loc":{"start":{"line":59,"column":4},"end":{"line":66,"column":5}},"type":"if","locations":[{"start":{"line":59,"column":4},"end":{"line":66,"column":5}}]},"8":{"loc":{"start":{"line":79,"column":4},"end":{"line":81,"column":5}},"type":"if","locations":[{"start":{"line":79,"column":4},"end":{"line":81,"column":5}}]},"9":{"loc":{"start":{"line":106,"column":4},"end":{"line":108,"column":5}},"type":"if","locations":[{"start":{"line":106,"column":4},"end":{"line":108,"column":5}}]},"10":{"loc":{"start":{"line":120,"column":44},"end":{"line":120,"column":60}},"type":"binary-expr","locations":[{"start":{"line":120,"column":44},"end":{"line":120,"column":55}},{"start":{"line":120,"column":59},"end":{"line":120,"column":60}}]}},"s":{"0":2,"1":2,"2":2,"3":2,"4":2,"5":7,"6":6,"7":2,"8":2,"9":2,"10":2,"11":1,"12":2,"13":0,"14":2,"15":1,"16":2,"17":1,"18":1,"19":1,"20":1,"21":1,"22":2,"23":0,"24":2,"25":6,"26":6,"27":1,"28":5,"29":2,"30":1,"31":1,"32":1,"33":1,"34":2,"35":2,"36":1,"37":1,"38":1,"39":1,"40":1,"41":2},"f":{"0":7,"1":2,"2":2,"3":6,"4":2,"5":1,"6":2,"7":1},"b":{"0":[1],"1":[0],"2":[1],"3":[1],"4":[2,1],"5":[1],"6":[1],"7":[0],"8":[1],"9":[1],"10":[1,0]}}
,"C:\\Users\\K.Meghana\\Downloads\\Recent\\Incubyte\\backend\\src\\utils\\jwt.ts": {"path":"C:\\Users\\K.Meghana\\Downloads\\Recent\\Incubyte\\backend\\src\\utils\\jwt.ts","statementMap":{"0":{"start":{"line":12,"column":0},"end":{"line":12,"column":16}},"1":{"start":{"line":16,"column":0},"end":{"line":16,"column":16}},"2":{"start":{"line":1,"column":0},"end":{"line":1,"column":31}},"3":{"start":{"line":3,"column":19},"end":{"line":3,"column":90}},"4":{"start":{"line":4,"column":23},"end":{"line":4,"column":57}},"5":{"start":{"line":13,"column":2},"end":{"line":13,"column":77}},"6":{"start":{"line":17,"column":2},"end":{"line":17,"column":53}}},"fnMap":{"0":{"name":"generateToken","decl":{"start":{"line":12,"column":16},"end":{"line":12,"column":29}},"loc":{"start":{"line":12,"column":49},"end":{"line":14,"column":1}}},"1":{"name":"verifyToken","decl":{"start":{"line":16,"column":16},"end":{"line":16,"column":27}},"loc":{"start":{"line":16,"column":41},"end":{"line":18,"column":1}}}},"branchMap":{"0":{"loc":{"start":{"line":3,"column":19},"end":{"line":3,"column":90}},"type":"binary-expr","locations":[{"start":{"line":3,"column":19},"end":{"line":3,"column":41}},{"start":{"line":3,"column":45},"end":{"line":3,"column":90}}]},"1":{"loc":{"start":{"line":4,"column":23},"end":{"line":4,"column":57}},"type":"binary-expr","locations":[{"start":{"line":4,"column":23},"end":{"line":4,"column":49}},{"start":{"line":4,"column":53},"end":{"line":4,"column":57}}]}},"s":{"0":2,"1":2,"2":2,"3":2,"4":2,"5":7,"6":20},"f":{"0":7,"1":20},"b":{"0":[2,0],"1":[2,0]}}
,"C:\\Users\\K.Meghana\\Downloads\\Recent\\Incubyte\\backend\\src\\utils\\prisma.ts": {"path":"C:\\Users\\K.Meghana\\Downloads\\Recent\\Incubyte\\backend\\src\\utils\\prisma.ts","statementMap":{"0":{"start":{"line":1,"column":0},"end":{"line":1,"column":46}},"1":{"start":{"line":3,"column":13},"end":{"line":3,"column":41}}},"fnMap":{},"branchMap":{},"s":{"0":2,"1":2},"f":{},"b":{}}
}
