TN:
SF:src\app.ts
FN:19,(anonymous_1)
FNF:1
FNH:0
FNDA:0,(anonymous_1)
DA:1,2
DA:2,2
DA:3,2
DA:4,2
DA:5,2
DA:7,2
DA:9,2
DA:11,2
DA:12,2
DA:15,2
DA:16,2
DA:19,2
DA:20,0
DA:23,2
LF:14
LH:13
BRF:0
BRH:0
end_of_record
TN:
SF:src\controllers\auth.controller.ts
FN:7,(anonymous_0)
FN:18,(anonymous_1)
FN:28,(anonymous_2)
FN:39,(anonymous_3)
FN:49,(anonymous_4)
FNF:5
FNH:4
FNDA:10,(anonymous_0)
FNDA:2,(anonymous_1)
FNDA:3,(anonymous_2)
FNDA:0,(anonymous_3)
FNDA:1,(anonymous_4)
DA:2,2
DA:4,2
DA:6,2
DA:8,10
DA:9,10
DA:10,6
DA:15,4
DA:16,1
DA:18,2
DA:21,3
DA:29,3
DA:30,3
DA:31,1
DA:36,2
DA:37,0
DA:39,0
DA:42,2
DA:50,1
DA:51,1
DA:52,0
DA:54,1
DA:55,1
DA:60,0
LF:23
LH:19
BRDA:15,0,0,1
BRDA:23,1,0,3
BRDA:23,1,1,0
BRDA:36,2,0,0
BRDA:44,3,0,2
BRDA:44,3,1,0
BRDA:51,4,0,0
BRDA:62,5,0,0
BRDA:62,5,1,0
BRF:9
BRH:3
end_of_record
TN:
SF:src\controllers\vehicle.controller.ts
FN:6,(anonymous_0)
FN:17,(anonymous_1)
FN:27,(anonymous_2)
FN:42,(anonymous_3)
FN:66,(anonymous_4)
FN:81,(anonymous_5)
FN:92,(anonymous_6)
FN:103,(anonymous_7)
FN:119,(anonymous_8)
FN:136,(anonymous_9)
FNF:10
FNH:8
FNDA:7,(anonymous_0)
FNDA:3,(anonymous_1)
FNDA:2,(anonymous_2)
FNDA:2,(anonymous_3)
FNDA:0,(anonymous_4)
FNDA:2,(anonymous_5)
FNDA:0,(anonymous_6)
FNDA:1,(anonymous_7)
FNDA:2,(anonymous_8)
FNDA:1,(anonymous_9)
DA:2,2
DA:3,2
DA:5,2
DA:7,7
DA:8,7
DA:9,6
DA:14,1
DA:15,1
DA:17,3
DA:20,0
DA:28,2
DA:29,2
DA:30,2
DA:35,0
DA:43,2
DA:44,2
DA:53,2
DA:54,2
DA:59,0
DA:67,0
DA:68,0
DA:69,0
DA:74,0
DA:82,2
DA:83,2
DA:84,1
DA:89,1
DA:90,0
DA:92,0
DA:95,1
DA:96,1
DA:104,1
DA:105,1
DA:106,1
DA:111,0
DA:112,0
DA:120,2
DA:121,2
DA:122,1
DA:128,1
DA:129,1
DA:137,1
DA:138,1
DA:139,1
DA:140,1
DA:146,0
DA:147,0
LF:47
LH:34
BRDA:14,0,0,1
BRDA:22,1,0,0
BRDA:22,1,1,0
BRDA:37,2,0,0
BRDA:37,2,1,0
BRDA:48,3,0,1
BRDA:48,3,1,1
BRDA:49,4,0,1
BRDA:49,4,1,1
BRDA:50,5,0,2
BRDA:50,5,1,2
BRDA:61,6,0,0
BRDA:61,6,1,0
BRDA:76,7,0,0
BRDA:76,7,1,0
BRDA:89,8,0,0
BRDA:95,9,0,1
BRDA:95,9,1,0
BRDA:98,10,0,1
BRDA:98,10,1,0
BRDA:111,11,0,0
BRDA:111,11,1,0
BRDA:114,12,0,0
BRDA:114,12,1,0
BRDA:128,13,0,1
BRDA:128,13,1,0
BRDA:131,14,0,1
BRDA:131,14,1,0
BRDA:138,15,0,1
BRDA:138,15,1,0
BRDA:146,16,0,0
BRDA:146,16,1,0
BRDA:149,17,0,0
BRDA:149,17,1,0
BRF:34
BRH:12
end_of_record
TN:
SF:src\middleware\auth.ts
FN:5,authenticate
FN:27,authorizeAdmin
FNF:2
FNH:2
FNDA:22,authenticate
FNDA:4,authorizeAdmin
DA:3,2
DA:5,2
DA:6,22
DA:7,22
DA:8,2
DA:14,20
DA:15,20
DA:16,20
DA:17,20
DA:18,20
DA:20,0
DA:27,2
DA:28,4
DA:29,2
DA:34,2
LF:15
LH:14
BRDA:7,0,0,2
BRDA:7,1,0,22
BRDA:7,1,1,20
BRDA:28,2,0,2
BRDA:28,3,0,4
BRDA:28,3,1,4
BRF:6
BRH:6
end_of_record
TN:
SF:src\routes\auth.routes.ts
FNF:0
FNH:0
DA:1,2
DA:2,2
DA:3,2
DA:5,2
DA:7,2
DA:8,2
DA:9,2
DA:11,2
LF:8
LH:8
BRF:0
BRH:0
end_of_record
TN:
SF:src\routes\vehicle.routes.ts
FNF:0
FNH:0
DA:1,2
DA:2,2
DA:3,2
DA:5,2
DA:8,2
DA:11,2
DA:12,2
DA:13,2
DA:16,2
DA:17,2
DA:18,2
DA:21,2
DA:22,2
DA:24,2
LF:14
LH:14
BRF:0
BRH:0
end_of_record
TN:
SF:src\services\auth.service.ts
FN:19,(anonymous_1)
FN:51,(anonymous_2)
FN:77,(anonymous_3)
FNF:3
FNH:3
FNDA:10,(anonymous_1)
FNDA:3,(anonymous_2)
FNDA:1,(anonymous_3)
DA:1,2
DA:2,2
DA:3,2
DA:4,2
DA:6,2
DA:13,2
DA:18,2
DA:20,10
DA:22,9
DA:26,9
DA:27,3
DA:30,6
DA:32,6
DA:41,6
DA:47,6
DA:48,6
DA:52,3
DA:54,3
DA:58,3
DA:59,1
DA:62,2
DA:63,2
DA:64,1
DA:67,1
DA:73,1
DA:74,1
DA:78,1
DA:83,1
DA:84,0
DA:87,1
LF:30
LH:29
BRDA:26,0,0,3
BRDA:58,1,0,1
BRDA:63,2,0,1
BRDA:83,3,0,0
BRF:4
BRH:3
end_of_record
TN:
SF:src\services\vehicle.service.ts
FN:27,(anonymous_0)
FN:34,(anonymous_1)
FN:40,(anonymous_2)
FN:74,(anonymous_3)
FN:86,(anonymous_4)
FN:96,(anonymous_5)
FN:103,(anonymous_6)
FN:118,(anonymous_7)
FNF:8
FNH:8
FNDA:7,(anonymous_0)
FNDA:2,(anonymous_1)
FNDA:2,(anonymous_2)
FNDA:6,(anonymous_3)
FNDA:2,(anonymous_4)
FNDA:1,(anonymous_5)
FNDA:2,(anonymous_6)
FNDA:1,(anonymous_7)
DA:1,2
DA:2,2
DA:4,2
DA:15,2
DA:17,2
DA:26,2
DA:28,7
DA:29,6
DA:35,2
DA:41,2
DA:43,2
DA:45,2
DA:46,1
DA:48,2
DA:49,0
DA:51,2
DA:52,1
DA:54,2
DA:55,1
DA:56,1
DA:57,1
DA:59,2
DA:60,0
DA:68,2
DA:75,6
DA:79,6
DA:80,1
DA:83,5
DA:87,2
DA:88,1
DA:90,1
DA:97,1
DA:98,1
DA:104,2
DA:106,2
DA:107,1
DA:110,1
DA:119,1
DA:120,1
DA:122,1
LF:40
LH:38
BRDA:45,0,0,1
BRDA:48,1,0,0
BRDA:51,2,0,1
BRDA:54,3,0,1
BRDA:54,4,0,2
BRDA:54,4,1,1
BRDA:56,5,0,1
BRDA:57,6,0,1
BRDA:59,7,0,0
BRDA:79,8,0,1
BRDA:106,9,0,1
BRDA:120,10,0,1
BRDA:120,10,1,0
BRF:13
BRH:10
end_of_record
TN:
SF:src\utils\jwt.ts
FN:12,generateToken
FN:16,verifyToken
FNF:2
FNH:2
FNDA:7,generateToken
FNDA:20,verifyToken
DA:1,2
DA:3,2
DA:4,2
DA:12,2
DA:13,7
DA:16,2
DA:17,20
LF:7
LH:7
BRDA:3,0,0,2
BRDA:3,0,1,0
BRDA:4,1,0,2
BRDA:4,1,1,0
BRF:4
BRH:2
end_of_record
TN:
SF:src\utils\prisma.ts
FNF:0
FNH:0
DA:1,2
DA:3,2
LF:2
LH:2
BRF:0
BRH:0
end_of_record
